FDTD Solutions Version 8.18.1298 (Windows 64bit)
 expires (month/day/year): 8/31/2017
using config file: C:/Users/Jerry/AppData/Roaming/Lumerical/FDTD Solutions.ini
license host: Jerry-PC
current time: Tue Aug 15 16:42:47 2017
Running on host: Jerry-PC
All processes are communicating and ready to proceed to simulation...
Running fsp file: C:\Program Files\Lumerical\FDTD\bin\fdtd-engine-msmpi.exe -t 1 -remote C:/Users/Jerry/Desktop/Backup of USB June 6/Applications/Portfolio/Projects/Capasso Group/Coop/Lumerical/5 - SiO2 Reflection Pillar/Project.fsp
number of processors is 8
processors are distributed as: 1x1x8
Running 3D Simulation
Starting meshing
Simulation size in gridpoints: 26 x 26 x 19
Refined 0 mesh cells (0%)
Completed meshing!
Meshing complete in 0 seconds of CPU time
Starting meshing
Simulation size in gridpoints: 26 x 26 x 19
Refined 0 mesh cells (0%)
Completed meshing!
Meshing complete in 0 seconds of CPU time
Starting meshing
Simulation size in gridpoints: 26 x 26 x 19
Refined 0 mesh cells (0%)
Completed meshing!
Meshing complete in 0 seconds of CPU time
8 8
8 8
8 8
finished material properties
Meshing Time: 0 seconds, Init Electrical Material Time: 0 seconds, Init Magnetic Material Time: 0
Using selected optimization level: 2
Selecting 3d kernel for splitFieldDirection=0 and optLevel=2
-----------------------------------------
Beginning initialization of 3D Simulation
Starting to add sources to simulation
Adding 3D Gaussian source propagating in Z
Reverted to narrowband source injection
Starting to add boundary conditions to simulation
Adding 3D Anti-Symmetric BC
Adding 3D Anti-Symmetric BC
Adding 3D Symmetric BC
Adding 3D Symmetric BC
Adding 3D PML BC
Adding 3D Parallel BC
Starting to add monitors to Simulation
Adding analysis monitor
Adding 3D DFT monitor
Adding 3D DFT monitor
Adding 3D DFT monitor
Finished initialization of 3D Simulation
-----------------------------------------
All processes are communicating and ready to proceed to simulation...
Starting 32432 total iterations
0% complete. Max time remaining: 53 secs. Auto Shutoff: 1
2% complete. Max time remaining: 48 secs. Auto Shutoff: 1
